Directory _DATA_ exists.
Parse online data to bib files? [y/n]

Downloading conferences...


 *****
Directory '_DATA_/SMC Conference 2017' exists.
Scraping conference page http://smc2017.aalto.fi/proceedings.html , and creating bibtex entries in '_DATA_/SMC Conference 2017/SMC Conference 2017.bib' ...
{'ENTRYTYPE': 'inproceedings',
 'ID': 'smc:2017:001',
 'author': u'Rolf Inge God\xf8y and Minho Song and Sofia Dahl',
 'booktitle': 'Proceedings of the 14th Sound and Music Computing Conference (SMC2017)',
 'editor': '',
 'file': 'smc_2017_001.pdf',
 'isbn': '978-952-60-3729-5',
 'issn': '2518-3672',
 'month': '',
 'numpaperorder': '001',
 'origtitle': 'Exploring Sound-Motion Textures in Drum Set Performance',
 'origtype': 'Conference Paper',
 'pages': '',
 'publisher': '',
 'title': 'Exploring Sound-motion Textures in Drum Set Performance',
 'url': 'http://smc2017.aalto.fi/media/materials/proceedings/SMC17_p145.pdf',
 'urlhome': '',
 'urlpdf': 'http://smc2017.aalto.fi/media/materials/proceedings/SMC17_p145.pdf',
 'venue': '',
 'year': '2017'}
{'ENTRYTYPE': 'inproceedings',
 'ID': 'smc:2017:002',
 'author': 'Takeshi Hori and Kazuyuki Nakamura and Shigeki Sagayama',
 'booktitle': 'Proceedings of the 14th Sound and Music Computing Conference (SMC2017)',
 'editor': '',
 'file': 'smc_2017_002.pdf',
 'isbn': '978-952-60-3729-5',
 'issn': '2518-3672',
 'month': '',
 'numpaperorder': '002',
 'origtitle': 'Jazz Piano Trio Synthesizing System Based on HMM and DNN',
 'origtype': 'Conference Paper',
 'pages': '',
 'publisher': '',
 'title': 'Jazz Piano Trio Synthesizing System Based on Hmm and Dnn',
 'url': 'http://smc2017.aalto.fi/media/materials/proceedings/SMC17_p153.pdf',
 'urlhome': '',
 'urlpdf': 'http://smc2017.aalto.fi/media/materials/proceedings/SMC17_p153.pdf',
 'venue': '',
 'year': '2017'}
{'ENTRYTYPE': 'inproceedings',
 'ID': 'smc:2017:003',
 'author': 'Bochen Li and Chenliang Xu and Zhiyao Duan',
 'booktitle': 'Proceedings of the 14th Sound and Music Computing Conference (SMC2017)',
 'editor': '',
 'file': 'smc_2017_003.pdf',
 'isbn': '978-952-60-3729-5',
 'issn': '2518-3672',
 'month': '',
 'numpaperorder': '003',
 'origtitle': 'Audio-Visual Source Association for String Ensembles through\nMulti-Modal Vibrato Analysis',
 'origtype': 'Conference Paper',
 'pages': '',
 'publisher': '',
 'title': 'Audio-visual Source Association for String Ensembles Through Multi-modal Vibrato Analysis',
 'url': 'http://smc2017.aalto.fi/media/materials/proceedings/SMC17_p159.pdf',
 'urlhome': '',
 'urlpdf': 'http://smc2017.aalto.fi/media/materials/proceedings/SMC17_p159.pdf',
 'venue': '',
 'year': '2017'}
{'ENTRYTYPE': 'inproceedings',
 'ID': 'smc:2017:004',
 'author': u'Sebasti\xe0 V. Amengual Gar\xed and Malte Kob and Tapio Lokki',
 'booktitle': 'Proceedings of the 14th Sound and Music Computing Conference (SMC2017)',
 'editor': '',
 'file': 'smc_2017_004.pdf',
 'isbn': '978-952-60-3729-5',
 'issn': '2518-3672',
 'month': '',
 'numpaperorder': '004',
 'origtitle': 'Investigations on Stage Acoustic Preferences of Solo Trumpet Players\nusing Virtual Acoustics',
 'origtype': 'Conference Paper',
 'pages': '',
 'publisher': '',
 'title': 'Investigations on Stage Acoustic Preferences of Solo Trumpet Players Using Virtual Acoustics',
 'url': 'http://smc2017.aalto.fi/media/materials/proceedings/SMC17_p167.pdf',
 'urlhome': '',
 'urlpdf': 'http://smc2017.aalto.fi/media/materials/proceedings/SMC17_p167.pdf',
 'venue': '',
 'year': '2017'}
{'ENTRYTYPE': 'inproceedings',
 'ID': 'smc:2017:005',
 'author': 'Victor Lazzarini',
 'booktitle': 'Proceedings of the 14th Sound and Music Computing Conference (SMC2017)',
 'editor': '',
 'file': 'smc_2017_005.pdf',
 'isbn': '978-952-60-3729-5',
 'issn': '2518-3672',
 'month': '',
 'numpaperorder': '005',
 'origtitle': 'The design of a lightweight DSP programming library',
 'origtype': 'Conference Paper',
 'pages': '',
 'publisher': '',
 'title': 'The Design of a Lightweight Dsp Programming Library',
 'url': 'http://smc2017.aalto.fi/media/materials/proceedings/SMC17_p5.pdf',
 'urlhome': '',
 'urlpdf': 'http://smc2017.aalto.fi/media/materials/proceedings/SMC17_p5.pdf',
 'venue': '',
 'year': '2017'}
{'ENTRYTYPE': 'inproceedings',
 'ID': 'smc:2017:006',
 'author': 'Luca Turchet and Carlo Fischione and Mathieu Barthet',
 'booktitle': 'Proceedings of the 14th Sound and Music Computing Conference (SMC2017)',
 'editor': '',
 'file': 'smc_2017_006.pdf',
 'isbn': '978-952-60-3729-5',
 'issn': '2518-3672',
 'month': '',
 'numpaperorder': '006',
 'origtitle': 'Towards the internet of musical things',
 'origtype': 'Conference Paper',
 'pages': '',
 'publisher': '',
 'title': 'Towards the Internet of Musical Things',
 'url': 'http://smc2017.aalto.fi/media/materials/proceedings/SMC17_p13.pdf',
 'urlhome': '',
 'urlpdf': 'http://smc2017.aalto.fi/media/materials/proceedings/SMC17_p13.pdf',
 'venue': '',
 'year': '2017'}
{'ENTRYTYPE': 'inproceedings',
 'ID': 'smc:2017:007',
 'author': 'Dario Sanfilippo and Agostino Di Scipio',
 'booktitle': 'Proceedings of the 14th Sound and Music Computing Conference (SMC2017)',
 'editor': '',
 'file': 'smc_2017_007.pdf',
 'isbn': '978-952-60-3729-5',
 'issn': '2518-3672',
 'month': '',
 'numpaperorder': '007',
 'origtitle': 'Environment-Mediated Coupling of Autonomous Sound-Generating Systems in\nLive Performance: An Overview of the Machine Milieu Project',
 'origtype': 'Conference Paper',
 'pages': '',
 'publisher': '',
 'title': 'Environment-mediated Coupling of Autonomous Sound-generating Systems in Live Performance: An Overview of the Machine Milieu Project',
 'url': 'http://smc2017.aalto.fi/media/materials/proceedings/SMC17_p21.pdf',
 'urlhome': '',
 'urlpdf': 'http://smc2017.aalto.fi/media/materials/proceedings/SMC17_p21.pdf',
 'venue': '',
 'year': '2017'}
{'ENTRYTYPE': 'inproceedings',
 'ID': 'smc:2017:008',
 'author': u'Oliver H\xf6dl and Geraldine Fitzpatrick and Fares Kayali and Simon Holland',
 'booktitle': 'Proceedings of the 14th Sound and Music Computing Conference (SMC2017)',
 'editor': '',
 'file': 'smc_2017_008.pdf',
 'isbn': '978-952-60-3729-5',
 'issn': '2518-3672',
 'month': '',
 'numpaperorder': '008',
 'origtitle': 'Design Implications for Technology-Mediated Audience Participation in Live Music',
 'origtype': 'Conference Paper',
 'pages': '',
 'publisher': '',
 'title': 'Design Implications for Technology-mediated Audience Participation in Live Music',
 'url': 'http://smc2017.aalto.fi/media/materials/proceedings/SMC17_p28.pdf',
 'urlhome': '',
 'urlpdf': 'http://smc2017.aalto.fi/media/materials/proceedings/SMC17_p28.pdf',
 'venue': '',
 'year': '2017'}
{'ENTRYTYPE': 'inproceedings',
 'ID': 'smc:2017:009',
 'author': 'Hirofumi Takamori and Haruki Sato and Takayuki Nakatsuka and Shigeo Morishima',
 'booktitle': 'Proceedings of the 14th Sound and Music Computing Conference (SMC2017)',
 'editor': '',
 'file': 'smc_2017_009.pdf',
 'isbn': '978-952-60-3729-5',
 'issn': '2518-3672',
 'month': '',
 'numpaperorder': '009',
 'origtitle': 'Automatic Arranging Musical Score for Piano using Important Musical Elements',
 'origtype': 'Conference Paper',
 'pages': '',
 'publisher': '',
 'title': 'Automatic Arranging Musical Score for Piano Using Important Musical Elements',
 'url': 'http://smc2017.aalto.fi/media/materials/proceedings/SMC17_p35.pdf',
 'urlhome': '',
 'urlpdf': 'http://smc2017.aalto.fi/media/materials/proceedings/SMC17_p35.pdf',
 'venue': '',
 'year': '2017'}
{'ENTRYTYPE': 'inproceedings',
 'ID': 'smc:2017:010',
 'author': u'Leo McCormack and Vesa V\xe4lim\xe4ki',
 'booktitle': 'Proceedings of the 14th Sound and Music Computing Conference (SMC2017)',
 'editor': '',
 'file': 'smc_2017_010.pdf',
 'isbn': '978-952-60-3729-5',
 'issn': '2518-3672',
 'month': '',
 'numpaperorder': '010',
 'origtitle': 'FFT-based Dynamic Range Compression',
 'origtype': 'Conference Paper',
 'pages': '',
 'publisher': '',
 'title': 'Fft-based Dynamic Range Compression',
 'url': 'http://smc2017.aalto.fi/media/materials/proceedings/SMC17_p42.pdf',
 'urlhome': '',
 'urlpdf': 'http://smc2017.aalto.fi/media/materials/proceedings/SMC17_p42.pdf',
 'venue': '',
 'year': '2017'}
{'ENTRYTYPE': 'inproceedings',
 'ID': 'smc:2017:011',
 'author': u'Hanns Holger Rutz and Robert H\xf6ldrich',
 'booktitle': 'Proceedings of the 14th Sound and Music Computing Conference (SMC2017)',
 'editor': '',
 'file': 'smc_2017_011.pdf',
 'isbn': '978-952-60-3729-5',
 'issn': '2518-3672',
 'month': '',
 'numpaperorder': '011',
 'origtitle': 'A Sonification Interface Unifying Real-Time and Offline Processing',
 'origtype': 'Conference Paper',
 'pages': '',
 'publisher': '',
 'title': 'A Sonification Interface Unifying Real-time and Offline Processing',
 'url': 'http://smc2017.aalto.fi/media/materials/proceedings/SMC17_p50.pdf',
 'urlhome': '',
 'urlpdf': 'http://smc2017.aalto.fi/media/materials/proceedings/SMC17_p50.pdf',
 'venue': '',
 'year': '2017'}
{'ENTRYTYPE': 'inproceedings',
 'ID': 'smc:2017:012',
 'author': u'Manuel Br\xe1sio and Filipe Lopes and Gilberto Bernardes and Rui Penha',
 'booktitle': 'Proceedings of the 14th Sound and Music Computing Conference (SMC2017)',
 'editor': '',
 'file': 'smc_2017_012.pdf',
 'isbn': '978-952-60-3729-5',
 'issn': '2518-3672',
 'month': '',
 'numpaperorder': '012',
 'origtitle': 'QUALIA: A Software for Guided Meta-Improvisation Performance',
 'origtype': 'Conference Paper',
 'pages': '',
 'publisher': '',
 'title': 'Qualia: A Software for Guided Meta-improvisation Performance',
 'url': 'http://smc2017.aalto.fi/media/materials/proceedings/SMC17_p58.pdf',
 'urlhome': '',
 'urlpdf': 'http://smc2017.aalto.fi/media/materials/proceedings/SMC17_p58.pdf',
 'venue': '',
 'year': '2017'}
{'ENTRYTYPE': 'inproceedings',
 'ID': 'smc:2017:013',
 'author': u'Eduardo Micheloni and Marcella Mandanici and Antonio Rod\xe0 and Sergio Canazza',
 'booktitle': 'Proceedings of the 14th Sound and Music Computing Conference (SMC2017)',
 'editor': '',
 'file': 'smc_2017_013.pdf',
 'isbn': '978-952-60-3729-5',
 'issn': '2518-3672',
 'month': '',
 'numpaperorder': '013',
 'origtitle': 'Interactive Painting Sonification Using a Sensor-Equipped Runway',
 'origtype': 'Conference Paper',
 'pages': '',
 'publisher': '',
 'title': 'Interactive Painting Sonification Using a Sensor-equipped Runway',
 'url': 'http://smc2017.aalto.fi/media/materials/proceedings/SMC17_p63.pdf',
 'urlhome': '',
 'urlpdf': 'http://smc2017.aalto.fi/media/materials/proceedings/SMC17_p63.pdf',
 'venue': '',
 'year': '2017'}
{'ENTRYTYPE': 'inproceedings',
 'ID': 'smc:2017:014',
 'author': 'Matteo Lionello and Marcella Mandanici and Sergio Canazza and Edoardo Micheloni',
 'booktitle': 'Proceedings of the 14th Sound and Music Computing Conference (SMC2017)',
 'editor': '',
 'file': 'smc_2017_014.pdf',
 'isbn': '978-952-60-3729-5',
 'issn': '2518-3672',
 'month': '',
 'numpaperorder': '014',
 'origtitle': 'Interactive Soundscapes: Developing a Physical Space Augmented through Dynamic Sound Rendering and Granular Synthesis',
 'origtype': 'Conference Paper',
 'pages': '',
 'publisher': '',
 'title': 'Interactive Soundscapes: Developing a Physical Space Augmented Through Dynamic Sound Rendering and Granular Synthesis',
 'url': 'http://smc2017.aalto.fi/media/materials/proceedings/SMC17_p71.pdf',
 'urlhome': '',
 'urlpdf': 'http://smc2017.aalto.fi/media/materials/proceedings/SMC17_p71.pdf',
 'venue': '',
 'year': '2017'}
{'ENTRYTYPE': 'inproceedings',
 'ID': 'smc:2017:015',
 'author': u'Anne-Marie Burns and S\xe9bastien Bel and Caroline Traube',
 'booktitle': 'Proceedings of the 14th Sound and Music Computing Conference (SMC2017)',
 'editor': '',
 'file': 'smc_2017_015.pdf',
 'isbn': '978-952-60-3729-5',
 'issn': '2518-3672',
 'month': '',
 'numpaperorder': '015',
 'origtitle': 'Learning to Play the Guitar at the Age of Interactive and Collaborative Web Technologies',
 'origtype': 'Conference Paper',
 'pages': '',
 'publisher': '',
 'title': 'Learning to Play the Guitar at the Age of Interactive and Collaborative Web Technologies',
 'url': 'http://smc2017.aalto.fi/media/materials/proceedings/SMC17_p77.pdf',
 'urlhome': '',
 'urlpdf': 'http://smc2017.aalto.fi/media/materials/proceedings/SMC17_p77.pdf',
 'venue': '',
 'year': '2017'}
{'ENTRYTYPE': 'inproceedings',
 'ID': 'smc:2017:016',
 'author': 'Pierre Beauguitte and Bryan Duggan and John D. Kelleher',
 'booktitle': 'Proceedings of the 14th Sound and Music Computing Conference (SMC2017)',
 'editor': '',
 'file': 'smc_2017_016.pdf',
 'isbn': '978-952-60-3729-5',
 'issn': '2518-3672',
 'month': '',
 'numpaperorder': '016',
 'origtitle': 'Key Inference from Irish Traditional Music Scores and Recordings',
 'origtype': 'Conference Paper',
 'pages': '',
 'publisher': '',
 'title': 'Key Inference From Irish Traditional Music Scores and Recordings',
 'url': 'http://smc2017.aalto.fi/media/materials/proceedings/SMC17_p85.pdf',
 'urlhome': '',
 'urlpdf': 'http://smc2017.aalto.fi/media/materials/proceedings/SMC17_p85.pdf',
 'venue': '',
 'year': '2017'}
{'ENTRYTYPE': 'inproceedings',
 'ID': 'smc:2017:017',
 'author': 'Jeffrey M. Morris',
 'booktitle': 'Proceedings of the 14th Sound and Music Computing Conference (SMC2017)',
 'editor': '',
 'file': 'smc_2017_017.pdf',
 'isbn': '978-952-60-3729-5',
 'issn': '2518-3672',
 'month': '',
 'numpaperorder': '017',
 'origtitle': u'Ferin Martino\u2019s Tour: Lessons from Adapting the Same Algorithmic Art Installation to Different Venues and Platforms',
 'origtype': 'Conference Paper',
 'pages': '',
 'publisher': '',
 'title': u'Ferin Martino\u2019s Tour: Lessons From Adapting the Same Algorithmic Art Installation to Different Venues and Platforms',
 'url': 'http://smc2017.aalto.fi/media/materials/proceedings/SMC17_p92.pdf',
 'urlhome': '',
 'urlpdf': 'http://smc2017.aalto.fi/media/materials/proceedings/SMC17_p92.pdf',
 'venue': '',
 'year': '2017'}
{'ENTRYTYPE': 'inproceedings',
 'ID': 'smc:2017:018',
 'author': 'Tejaswinee Kelkar and Alexander Refsum Jensenius',
 'booktitle': 'Proceedings of the 14th Sound and Music Computing Conference (SMC2017)',
 'editor': '',
 'file': 'smc_2017_018.pdf',
 'isbn': '978-952-60-3729-5',
 'issn': '2518-3672',
 'month': '',
 'numpaperorder': '018',
 'origtitle': u'Exploring Melody and Motion Features in \u201cSound-Tracings\u201d',
 'origtype': 'Conference Paper',
 'pages': '',
 'publisher': '',
 'title': u'Exploring Melody and Motion Features in \u201csound-tracings\u201d',
 'url': 'http://smc2017.aalto.fi/media/materials/proceedings/SMC17_p98.pdf',
 'urlhome': '',
 'urlpdf': 'http://smc2017.aalto.fi/media/materials/proceedings/SMC17_p98.pdf',
 'venue': '',
 'year': '2017'}
{'ENTRYTYPE': 'inproceedings',
 'ID': 'smc:2017:019',
 'author': 'Ryan Kirkbride',
 'booktitle': 'Proceedings of the 14th Sound and Music Computing Conference (SMC2017)',
 'editor': '',
 'file': 'smc_2017_019.pdf',
 'isbn': '978-952-60-3729-5',
 'issn': '2518-3672',
 'month': '',
 'numpaperorder': '019',
 'origtitle': 'Troop: A Collaborative Tool for Live Coding',
 'origtype': 'Conference Paper',
 'pages': '',
 'publisher': '',
 'title': 'Troop: A Collaborative Tool for Live Coding',
 'url': 'http://smc2017.aalto.fi/media/materials/proceedings/SMC17_p104.pdf',
 'urlhome': '',
 'urlpdf': 'http://smc2017.aalto.fi/media/materials/proceedings/SMC17_p104.pdf',
 'venue': '',
 'year': '2017'}
{'ENTRYTYPE': 'inproceedings',
 'ID': 'smc:2017:020',
 'author': 'Yusuke Wada and Yoshiaki Bando and Eita Nakamura and Katsutoshi Itoyama and Kazuyoshi Yoshii',
 'booktitle': 'Proceedings of the 14th Sound and Music Computing Conference (SMC2017)',
 'editor': '',
 'file': 'smc_2017_020.pdf',
 'isbn': '978-952-60-3729-5',
 'issn': '2518-3672',
 'month': '',
 'numpaperorder': '020',
 'origtitle': "An Adaptive Karaoke System that Plays Accompaniment Parts of Music Audio Signals Synchronously with Users' Singing Voices",
 'origtype': 'Conference Paper',
 'pages': '',
 'publisher': '',
 'title': "An Adaptive Karaoke System That Plays Accompaniment Parts of Music Audio Signals Synchronously With Users' Singing Voices",
 'url': 'http://smc2017.aalto.fi/media/materials/proceedings/SMC17_p110.pdf',
 'urlhome': '',
 'urlpdf': 'http://smc2017.aalto.fi/media/materials/proceedings/SMC17_p110.pdf',
 'venue': '',
 'year': '2017'}
{'ENTRYTYPE': 'inproceedings',
 'ID': 'smc:2017:021',
 'author': u'Jose J. Valero-Mas and Jos\xe9 M. I\xf1esta',
 'booktitle': 'Proceedings of the 14th Sound and Music Computing Conference (SMC2017)',
 'editor': '',
 'file': 'smc_2017_021.pdf',
 'isbn': '978-952-60-3729-5',
 'issn': '2518-3672',
 'month': '',
 'numpaperorder': '021',
 'origtitle': 'Experimental Assessment of Descriptive Statistics and Adaptive Methodologies for Threshold Establishment in Onset Selection Functions',
 'origtype': 'Conference Paper',
 'pages': '',
 'publisher': '',
 'title': 'Experimental Assessment of Descriptive Statistics and Adaptive Methodologies for Threshold Establishment in Onset Selection Functions',
 'url': 'http://smc2017.aalto.fi/media/materials/proceedings/SMC17_p117.pdf',
 'urlhome': '',
 'urlpdf': 'http://smc2017.aalto.fi/media/materials/proceedings/SMC17_p117.pdf',
 'venue': '',
 'year': '2017'}
{'ENTRYTYPE': 'inproceedings',
 'ID': 'smc:2017:022',
 'author': 'Raul Masu and Andrea Conci and Cristina Core and Antonella de Angeli and Fabio Morreale',
 'booktitle': 'Proceedings of the 14th Sound and Music Computing Conference (SMC2017)',
 'editor': '',
 'file': 'smc_2017_022.pdf',
 'isbn': '978-952-60-3729-5',
 'issn': '2518-3672',
 'month': '',
 'numpaperorder': '022',
 'origtitle': 'Robinflock: a Polyphonic Algorithmic Composer for Interactive Scenarios with Children',
 'origtype': 'Conference Paper',
 'pages': '',
 'publisher': '',
 'title': 'Robinflock: A Polyphonic Algorithmic Composer for Interactive Scenarios With Children',
 'url': 'http://smc2017.aalto.fi/media/materials/proceedings/SMC17_p125.pdf',
 'urlhome': '',
 'urlpdf': 'http://smc2017.aalto.fi/media/materials/proceedings/SMC17_p125.pdf',
 'venue': '',
 'year': '2017'}
{'ENTRYTYPE': 'inproceedings',
 'ID': 'smc:2017:023',
 'author': 'Philippe Kocher',
 'booktitle': 'Proceedings of the 14th Sound and Music Computing Conference (SMC2017)',
 'editor': '',
 'file': 'smc_2017_023.pdf',
 'isbn': '978-952-60-3729-5',
 'issn': '2518-3672',
 'month': '',
 'numpaperorder': '023',
 'origtitle': 'Technology-Assisted Performance of Polytemporal Music',
 'origtype': 'Conference Paper',
 'pages': '',
 'publisher': '',
 'title': 'Technology-assisted Performance of Polytemporal Music',
 'url': 'http://smc2017.aalto.fi/media/materials/proceedings/SMC17_p133.pdf',
 'urlhome': '',
 'urlpdf': 'http://smc2017.aalto.fi/media/materials/proceedings/SMC17_p133.pdf',
 'venue': '',
 'year': '2017'}
{'ENTRYTYPE': 'inproceedings',
 'ID': 'smc:2017:024',
 'author': 'Peter Lennox and Ian McKenzie',
 'booktitle': 'Proceedings of the 14th Sound and Music Computing Conference (SMC2017)',
 'editor': '',
 'file': 'smc_2017_024.pdf',
 'isbn': '978-952-60-3729-5',
 'issn': '2518-3672',
 'month': '',
 'numpaperorder': '024',
 'origtitle': 'Investigating Spatial Music Qualia through Tissue Conduction',
 'origtype': 'Conference Paper',
 'pages': '',
 'publisher': '',
 'title': 'Investigating Spatial Music Qualia Through Tissue Conduction',
 'url': 'http://smc2017.aalto.fi/media/materials/proceedings/SMC17_p139.pdf',
 'urlhome': '',
 'urlpdf': 'http://smc2017.aalto.fi/media/materials/proceedings/SMC17_p139.pdf',
 'venue': '',
 'year': '2017'}
{'ENTRYTYPE': 'inproceedings',
 'ID': 'smc:2017:025',
 'author': 'Charles P. Martin and Jim Torresen',
 'booktitle': 'Proceedings of the 14th Sound and Music Computing Conference (SMC2017)',
 'editor': '',
 'file': 'smc_2017_025.pdf',
 'isbn': '978-952-60-3729-5',
 'issn': '2518-3672',
 'month': '',
 'numpaperorder': '025',
 'origtitle': 'Exploring Social Mobile Music with Tiny Touch-Screen Performances',
 'origtype': 'Conference Paper',
 'pages': '',
 'publisher': '',
 'title': 'Exploring Social Mobile Music With Tiny Touch-screen Performances',
 'url': 'http://smc2017.aalto.fi/media/materials/proceedings/SMC17_p175.pdf',
 'urlhome': '',
 'urlpdf': 'http://smc2017.aalto.fi/media/materials/proceedings/SMC17_p175.pdf',
 'venue': '',
 'year': '2017'}
{'ENTRYTYPE': 'inproceedings',
 'ID': 'smc:2017:026',
 'author': 'Peter Ahrendt and Christian C. Bach and Sofia Dahl',
 'booktitle': 'Proceedings of the 14th Sound and Music Computing Conference (SMC2017)',
 'editor': '',
 'file': 'smc_2017_026.pdf',
 'isbn': '978-952-60-3729-5',
 'issn': '2518-3672',
 'month': '',
 'numpaperorder': '026',
 'origtitle': 'Does Singing a Low-Pitch Tone Make You Look Angrier?',
 'origtype': 'Conference Paper',
 'pages': '',
 'publisher': '',
 'title': 'Does Singing a Low-pitch Tone Make You Look Angrier?',
 'url': 'http://smc2017.aalto.fi/media/materials/proceedings/SMC17_p181.pdf',
 'urlhome': '',
 'urlpdf': 'http://smc2017.aalto.fi/media/materials/proceedings/SMC17_p181.pdf',
 'venue': '',
 'year': '2017'}
{'ENTRYTYPE': 'inproceedings',
 'ID': 'smc:2017:027',
 'author': u'Juan Carlos Vasquez and Koray Tahirog\u0306lu and Niklas P\xf6ll\xf6nen and Johan Kildal and Teemu Ahmaniemi',
 'booktitle': 'Proceedings of the 14th Sound and Music Computing Conference (SMC2017)',
 'editor': '',
 'file': 'smc_2017_027.pdf',
 'isbn': '978-952-60-3729-5',
 'issn': '2518-3672',
 'month': '',
 'numpaperorder': '027',
 'origtitle': 'Monitoring and Supporting Engagement in Skilled Tasks: From Creative Musical Activity to Psychological Wellbeing',
 'origtype': 'Conference Paper',
 'pages': '',
 'publisher': '',
 'title': 'Monitoring and Supporting Engagement in Skilled Tasks: From Creative Musical Activity to Psychological Wellbeing',
 'url': 'http://smc2017.aalto.fi/media/materials/proceedings/SMC17_p188.pdf',
 'urlhome': '',
 'urlpdf': 'http://smc2017.aalto.fi/media/materials/proceedings/SMC17_p188.pdf',
 'venue': '',
 'year': '2017'}
{'ENTRYTYPE': 'inproceedings',
 'ID': 'smc:2017:028',
 'author': 'Alexander Refsum Jensenius and Agata Zelechowska and Victor Gonzalez Sanchez',
 'booktitle': 'Proceedings of the 14th Sound and Music Computing Conference (SMC2017)',
 'editor': '',
 'file': 'smc_2017_028.pdf',
 'isbn': '978-952-60-3729-5',
 'issn': '2518-3672',
 'month': '',
 'numpaperorder': '028',
 'origtitle': "The Musical Influence on People's Micromotion when Standing Still in Groups",
 'origtype': 'Conference Paper',
 'pages': '',
 'publisher': '',
 'title': "The Musical Influence on People's Micromotion When Standing Still in Groups",
 'url': 'http://smc2017.aalto.fi/media/materials/proceedings/SMC17_p195.pdf',
 'urlhome': '',
 'urlpdf': 'http://smc2017.aalto.fi/media/materials/proceedings/SMC17_p195.pdf',
 'venue': '',
 'year': '2017'}
{'ENTRYTYPE': 'inproceedings',
 'ID': 'smc:2017:029',
 'author': 'Zhiyan Duan and Chitralekha Gupta and Graham Percival and David Grunberg and Ye Wang',
 'booktitle': 'Proceedings of the 14th Sound and Music Computing Conference (SMC2017)',
 'editor': '',
 'file': 'smc_2017_029.pdf',
 'isbn': '978-952-60-3729-5',
 'issn': '2518-3672',
 'month': '',
 'numpaperorder': '029',
 'origtitle': 'SECCIMA: Singing and Ear Training for Children with Cochlear Implants via a Mobile Application',
 'origtype': 'Conference Paper',
 'pages': '',
 'publisher': '',
 'title': 'Seccima: Singing and Ear Training for Children With Cochlear Implants via a Mobile Application',
 'url': 'http://smc2017.aalto.fi/media/materials/proceedings/SMC17_p200.pdf',
 'urlhome': '',
 'urlpdf': 'http://smc2017.aalto.fi/media/materials/proceedings/SMC17_p200.pdf',
 'venue': '',
 'year': '2017'}
{'ENTRYTYPE': 'inproceedings',
 'ID': 'smc:2017:030',
 'author': 'Miroslav Malik and Sharath Adavanne and Konstantinos Drossos and Tuomas Virtanen and Dasa Ticha and Roman Jarina',
 'booktitle': 'Proceedings of the 14th Sound and Music Computing Conference (SMC2017)',
 'editor': '',
 'file': 'smc_2017_030.pdf',
 'isbn': '978-952-60-3729-5',
 'issn': '2518-3672',
 'month': '',
 'numpaperorder': '030',
 'origtitle': 'Stacked Convolutional and Recurrent Neural Networks for Music Emotion Recognition',
 'origtype': 'Conference Paper',
 'pages': '',
 'publisher': '',
 'title': 'Stacked Convolutional and Recurrent Neural Networks for Music Emotion Recognition',
 'url': 'http://smc2017.aalto.fi/media/materials/proceedings/SMC17_p208.pdf',
 'urlhome': '',
 'urlpdf': 'http://smc2017.aalto.fi/media/materials/proceedings/SMC17_p208.pdf',
 'venue': '',
 'year': '2017'}
{'ENTRYTYPE': 'inproceedings',
 'ID': 'smc:2017:031',
 'author': 'Kristian Nymoen and Anne Danielsen and Justin London',
 'booktitle': 'Proceedings of the 14th Sound and Music Computing Conference (SMC2017)',
 'editor': '',
 'file': 'smc_2017_031.pdf',
 'isbn': '978-952-60-3729-5',
 'issn': '2518-3672',
 'month': '',
 'numpaperorder': '031',
 'origtitle': 'Validating Attach Phase Descriptors Obtained by the Timbre Toolbox and MIRtoolbox',
 'origtype': 'Conference Paper',
 'pages': '',
 'publisher': '',
 'title': 'Validating Attach Phase Descriptors Obtained by the Timbre Toolbox and Mirtoolbox',
 'url': 'http://smc2017.aalto.fi/media/materials/proceedings/SMC17_p214.pdf',
 'urlhome': '',
 'urlpdf': 'http://smc2017.aalto.fi/media/materials/proceedings/SMC17_p214.pdf',
 'venue': '',
 'year': '2017'}
{'ENTRYTYPE': 'inproceedings',
 'ID': 'smc:2017:032',
 'author': 'Jongpil Lee and Jiyoung Park and Keunhyoung Luke Kim and Juhan Nam',
 'booktitle': 'Proceedings of the 14th Sound and Music Computing Conference (SMC2017)',
 'editor': '',
 'file': 'smc_2017_032.pdf',
 'isbn': '978-952-60-3729-5',
 'issn': '2518-3672',
 'month': '',
 'numpaperorder': '032',
 'origtitle': 'Sample-Level Deep Convolutional Neural Networks for Music Auto-Tagging Using Raw Waveforms',
 'origtype': 'Conference Paper',
 'pages': '',
 'publisher': '',
 'title': 'Sample-level Deep Convolutional Neural Networks for Music Auto-tagging Using Raw Waveforms',
 'url': 'http://smc2017.aalto.fi/media/materials/proceedings/SMC17_p220.pdf',
 'urlhome': '',
 'urlpdf': 'http://smc2017.aalto.fi/media/materials/proceedings/SMC17_p220.pdf',
 'venue': '',
 'year': '2017'}
{'ENTRYTYPE': 'inproceedings',
 'ID': 'smc:2017:033',
 'author': u'Marius Miron and Jordi Janer and Emilia G\xf3mez',
 'booktitle': 'Proceedings of the 14th Sound and Music Computing Conference (SMC2017)',
 'editor': '',
 'file': 'smc_2017_033.pdf',
 'isbn': '978-952-60-3729-5',
 'issn': '2518-3672',
 'month': '',
 'numpaperorder': '033',
 'origtitle': 'Generating Data to Train Convolutional Neural Networks for Classical Music Source Separation',
 'origtype': 'Conference Paper',
 'pages': '',
 'publisher': '',
 'title': 'Generating Data to Train Convolutional Neural Networks for Classical Music Source Separation',
 'url': 'http://smc2017.aalto.fi/media/materials/proceedings/SMC17_p227.pdf',
 'urlhome': '',
 'urlpdf': 'http://smc2017.aalto.fi/media/materials/proceedings/SMC17_p227.pdf',
 'venue': '',
 'year': '2017'}
{'ENTRYTYPE': 'inproceedings',
 'ID': 'smc:2017:034',
 'author': u'Marian Weger and David Pirr\xf2 and Robert H\xf6ldrich',
 'booktitle': 'Proceedings of the 14th Sound and Music Computing Conference (SMC2017)',
 'editor': '',
 'file': 'smc_2017_034.pdf',
 'isbn': '978-952-60-3729-5',
 'issn': '2518-3672',
 'month': '',
 'numpaperorder': '034',
 'origtitle': 'Evaluation of an Acoustic Interface for Tremor Analysis',
 'origtype': 'Conference Paper',
 'pages': '',
 'publisher': '',
 'title': 'Evaluation of an Acoustic Interface for Tremor Analysis',
 'url': 'http://smc2017.aalto.fi/media/materials/proceedings/SMC17_p234.pdf',
 'urlhome': '',
 'urlpdf': 'http://smc2017.aalto.fi/media/materials/proceedings/SMC17_p234.pdf',
 'venue': '',
 'year': '2017'}
{'ENTRYTYPE': 'inproceedings',
 'ID': 'smc:2017:035',
 'author': u'Emma Frid and Roberto Bresin and Eva-Lotta Salln\xe4s Pysander and Jonas Moll',
 'booktitle': 'Proceedings of the 14th Sound and Music Computing Conference (SMC2017)',
 'editor': '',
 'file': 'smc_2017_035.pdf',
 'isbn': '978-952-60-3729-5',
 'issn': '2518-3672',
 'month': '',
 'numpaperorder': '035',
 'origtitle': 'An Exploratory Study on the Effect of Auditory Feedback on Gaze Behavior in a Virtual Throwing Task with and without Haptic Feedback',
 'origtype': 'Conference Paper',
 'pages': '',
 'publisher': '',
 'title': 'An Exploratory Study on the Effect of Auditory Feedback on Gaze Behavior in a Virtual Throwing Task With and Without Haptic Feedback',
 'url': 'http://smc2017.aalto.fi/media/materials/proceedings/SMC17_p242.pdf',
 'urlhome': '',
 'urlpdf': 'http://smc2017.aalto.fi/media/materials/proceedings/SMC17_p242.pdf',
 'venue': '',
 'year': '2017'}
{'ENTRYTYPE': 'inproceedings',
 'ID': 'smc:2017:036',
 'author': u'Felipe Ordu\xf1a-Bustamante',
 'booktitle': 'Proceedings of the 14th Sound and Music Computing Conference (SMC2017)',
 'editor': '',
 'file': 'smc_2017_036.pdf',
 'isbn': '978-952-60-3729-5',
 'issn': '2518-3672',
 'month': '',
 'numpaperorder': '036',
 'origtitle': 'Auralization in Space and in Rooms of Arbitrary D Dimensions',
 'origtype': 'Conference Paper',
 'pages': '',
 'publisher': '',
 'title': 'Auralization in Space and in Rooms of Arbitrary D Dimensions',
 'url': 'http://smc2017.aalto.fi/media/materials/proceedings/SMC17_p250.pdf',
 'urlhome': '',
 'urlpdf': 'http://smc2017.aalto.fi/media/materials/proceedings/SMC17_p250.pdf',
 'venue': '',
 'year': '2017'}
{'ENTRYTYPE': 'inproceedings',
 'ID': 'smc:2017:037',
 'author': 'Federico Fontana and Debora Scappin and Federico Avanzini and Mattia Bernardi and Devid Bianco and Giorgio Klauer',
 'booktitle': 'Proceedings of the 14th Sound and Music Computing Conference (SMC2017)',
 'editor': '',
 'file': 'smc_2017_037.pdf',
 'isbn': '978-952-60-3729-5',
 'issn': '2518-3672',
 'month': '',
 'numpaperorder': '037',
 'origtitle': 'Auditory, Visual and Somatosensory Localization of Piano Tones: a Preliminary Study',
 'origtype': 'Conference Paper',
 'pages': '',
 'publisher': '',
 'title': 'Auditory, Visual and Somatosensory Localization of Piano Tones: A Preliminary Study',
 'url': 'http://smc2017.aalto.fi/media/materials/proceedings/SMC17_p254.pdf',
 'urlhome': '',
 'urlpdf': 'http://smc2017.aalto.fi/media/materials/proceedings/SMC17_p254.pdf',
 'venue': '',
 'year': '2017'}
{'ENTRYTYPE': 'inproceedings',
 'ID': 'smc:2017:038',
 'author': u'Otso L\xe4hdeoja and Josu\xe9 Moreno',
 'booktitle': 'Proceedings of the 14th Sound and Music Computing Conference (SMC2017)',
 'editor': '',
 'file': 'smc_2017_038.pdf',
 'isbn': '978-952-60-3729-5',
 'issn': '2518-3672',
 'month': '',
 'numpaperorder': '038',
 'origtitle': 'SONIC GREENHOUSE - Considerations on a Large-Scale Audio-Architectural Installation',
 'origtype': 'Conference Paper',
 'pages': '',
 'publisher': '',
 'title': 'Sonic Greenhouse - Considerations on a Large-scale Audio-architectural Installation',
 'url': 'http://smc2017.aalto.fi/media/materials/proceedings/SMC17_p261.pdf',
 'urlhome': '',
 'urlpdf': 'http://smc2017.aalto.fi/media/materials/proceedings/SMC17_p261.pdf',
 'venue': '',
 'year': '2017'}
{'ENTRYTYPE': 'inproceedings',
 'ID': 'smc:2017:039',
 'author': 'Victor Lazzarini',
 'booktitle': 'Proceedings of the 14th Sound and Music Computing Conference (SMC2017)',
 'editor': '',
 'file': 'smc_2017_039.pdf',
 'isbn': '978-952-60-3729-5',
 'issn': '2518-3672',
 'month': '',
 'numpaperorder': '039',
 'origtitle': 'The CSOUND Plugin Opcode Framework',
 'origtype': 'Conference Paper',
 'pages': '',
 'publisher': '',
 'title': 'The Csound Plugin Opcode Framework',
 'url': 'http://smc2017.aalto.fi/media/materials/proceedings/SMC17_p267.pdf',
 'urlhome': '',
 'urlpdf': 'http://smc2017.aalto.fi/media/materials/proceedings/SMC17_p267.pdf',
 'venue': '',
 'year': '2017'}
{'ENTRYTYPE': 'inproceedings',
 'ID': 'smc:2017:040',
 'author': u'Johnty Wang and Joseph Malloch and St\xe9phane Huot and Fanny Chevalier and Marcelo Wanderley',
 'booktitle': 'Proceedings of the 14th Sound and Music Computing Conference (SMC2017)',
 'editor': '',
 'file': 'smc_2017_040.pdf',
 'isbn': '978-952-60-3729-5',
 'issn': '2518-3672',
 'month': '',
 'numpaperorder': '040',
 'origtitle': 'Versioning and Annotation Support for Collaborative Mapping Design',
 'origtype': 'Conference Paper',
 'pages': '',
 'publisher': '',
 'title': 'Versioning and Annotation Support for Collaborative Mapping Design',
 'url': 'http://smc2017.aalto.fi/media/materials/proceedings/SMC17_p275.pdf',
 'urlhome': '',
 'urlpdf': 'http://smc2017.aalto.fi/media/materials/proceedings/SMC17_p275.pdf',
 'venue': '',
 'year': '2017'}
{'ENTRYTYPE': 'inproceedings',
 'ID': 'smc:2017:041',
 'author': 'Yevgen Mexin and Aristotelis Hadjakos and Axel Berndt and Simon Waloschek and Anastasia Wawilow and Gerd Szwillus',
 'booktitle': 'Proceedings of the 14th Sound and Music Computing Conference (SMC2017)',
 'editor': '',
 'file': 'smc_2017_041.pdf',
 'isbn': '978-952-60-3729-5',
 'issn': '2518-3672',
 'month': '',
 'numpaperorder': '041',
 'origtitle': 'Tools for Annotatiing Musical Measures in Digital Music Editions',
 'origtype': 'Conference Paper',
 'pages': '',
 'publisher': '',
 'title': 'Tools for Annotatiing Musical Measures in Digital Music Editions',
 'url': 'http://smc2017.aalto.fi/media/materials/proceedings/SMC17_p279.pdf',
 'urlhome': '',
 'urlpdf': 'http://smc2017.aalto.fi/media/materials/proceedings/SMC17_p279.pdf',
 'venue': '',
 'year': '2017'}
{'ENTRYTYPE': 'inproceedings',
 'ID': 'smc:2017:042',
 'author': 'Liang Chen and Christopher Raphael',
 'booktitle': 'Proceedings of the 14th Sound and Music Computing Conference (SMC2017)',
 'editor': '',
 'file': 'smc_2017_042.pdf',
 'isbn': '978-952-60-3729-5',
 'issn': '2518-3672',
 'month': '',
 'numpaperorder': '042',
 'origtitle': 'Renotation of Optical Music Recognition Data',
 'origtype': 'Conference Paper',
 'pages': '',
 'publisher': '',
 'title': 'Renotation of Optical Music Recognition Data',
 'url': 'http://smc2017.aalto.fi/media/materials/proceedings/SMC17_p287.pdf',
 'urlhome': '',
 'urlpdf': 'http://smc2017.aalto.fi/media/materials/proceedings/SMC17_p287.pdf',
 'venue': '',
 'year': '2017'}
{'ENTRYTYPE': 'inproceedings',
 'ID': 'smc:2017:043',
 'author': 'Filipe Lopes',
 'booktitle': 'Proceedings of the 14th Sound and Music Computing Conference (SMC2017)',
 'editor': '',
 'file': 'smc_2017_043.pdf',
 'isbn': '978-952-60-3729-5',
 'issn': '2518-3672',
 'month': '',
 'numpaperorder': '043',
 'origtitle': 'WALLACE: Composing Music for Variable Reverberation',
 'origtype': 'Conference Paper',
 'pages': '',
 'publisher': '',
 'title': 'Wallace: Composing Music for Variable Reverberation',
 'url': 'http://smc2017.aalto.fi/media/materials/proceedings/SMC17_p294.pdf',
 'urlhome': '',
 'urlpdf': 'http://smc2017.aalto.fi/media/materials/proceedings/SMC17_p294.pdf',
 'venue': '',
 'year': '2017'}
{'ENTRYTYPE': 'inproceedings',
 'ID': 'smc:2017:044',
 'author': 'Rod Selfridge and David Moffat and Joshua D. Reiss',
 'booktitle': 'Proceedings of the 14th Sound and Music Computing Conference (SMC2017)',
 'editor': '',
 'file': 'smc_2017_044.pdf',
 'isbn': '978-952-60-3729-5',
 'issn': '2518-3672',
 'month': '',
 'numpaperorder': '044',
 'origtitle': 'Real-Time Physical Model for Synthesis of Sword Sounds',
 'origtype': 'Conference Paper',
 'pages': '',
 'publisher': '',
 'title': 'Real-time Physical Model for Synthesis of Sword Sounds',
 'url': 'http://smc2017.aalto.fi/media/materials/proceedings/SMC17_p299.pdf',
 'urlhome': '',
 'urlpdf': 'http://smc2017.aalto.fi/media/materials/proceedings/SMC17_p299.pdf',
 'venue': '',
 'year': '2017'}
{'ENTRYTYPE': 'inproceedings',
 'ID': 'smc:2017:045',
 'author': 'Robert Albrecht and Jussi Jaatinen and Tapio Lokki',
 'booktitle': 'Proceedings of the 14th Sound and Music Computing Conference (SMC2017)',
 'editor': '',
 'file': 'smc_2017_045.pdf',
 'isbn': '978-952-60-3729-5',
 'issn': '2518-3672',
 'month': '',
 'numpaperorder': '045',
 'origtitle': 'Electronic Hearing Protection for Musicians',
 'origtype': 'Conference Paper',
 'pages': '',
 'publisher': '',
 'title': 'Electronic Hearing Protection for Musicians',
 'url': 'http://smc2017.aalto.fi/media/materials/proceedings/SMC17_p306.pdf',
 'urlhome': '',
 'urlpdf': 'http://smc2017.aalto.fi/media/materials/proceedings/SMC17_p306.pdf',
 'venue': '',
 'year': '2017'}
{'ENTRYTYPE': 'inproceedings',
 'ID': 'smc:2017:046',
 'author': 'Silvin Willemsen and Stefania Serafin and Jesper Rindom Jensen',
 'booktitle': 'Proceedings of the 14th Sound and Music Computing Conference (SMC2017)',
 'editor': '',
 'file': 'smc_2017_046.pdf',
 'isbn': '978-952-60-3729-5',
 'issn': '2518-3672',
 'month': '',
 'numpaperorder': '046',
 'origtitle': 'Virtual Analog Simulation and Extensions of Plate Reverberation',
 'origtype': 'Conference Paper',
 'pages': '',
 'publisher': '',
 'title': 'Virtual Analog Simulation and Extensions of Plate Reverberation',
 'url': 'http://smc2017.aalto.fi/media/materials/proceedings/SMC17_p314.pdf',
 'urlhome': '',
 'urlpdf': 'http://smc2017.aalto.fi/media/materials/proceedings/SMC17_p314.pdf',
 'venue': '',
 'year': '2017'}
{'ENTRYTYPE': 'inproceedings',
 'ID': 'smc:2017:047',
 'author': u'Augoustinos Tsiros and Gr\xe9gory Lepl\xe2tre',
 'booktitle': 'Proceedings of the 14th Sound and Music Computing Conference (SMC2017)',
 'editor': '',
 'file': 'smc_2017_047.pdf',
 'isbn': '978-952-60-3729-5',
 'issn': '2518-3672',
 'month': '',
 'numpaperorder': '047',
 'origtitle': 'The Effectiveness of Two Audiovisual Mappings to Control a Concatenative Synthesiser',
 'origtype': 'Conference Paper',
 'pages': '',
 'publisher': '',
 'title': 'The Effectiveness of Two Audiovisual Mappings to Control a Concatenative Synthesiser',
 'url': 'http://smc2017.aalto.fi/media/materials/proceedings/SMC17_p320.pdf',
 'urlhome': '',
 'urlpdf': 'http://smc2017.aalto.fi/media/materials/proceedings/SMC17_p320.pdf',
 'venue': '',
 'year': '2017'}
{'ENTRYTYPE': 'inproceedings',
 'ID': 'smc:2017:048',
 'author': 'Jonas Holfelt and Gergely Csapo and Nikolaj Andersson and Sohejl Zabetian and Michael Castanieto and Daniel Overholt and Sofia Dahl and Cumhur Erkut',
 'booktitle': 'Proceedings of the 14th Sound and Music Computing Conference (SMC2017)',
 'editor': '',
 'file': 'smc_2017_048.pdf',
 'isbn': '978-952-60-3729-5',
 'issn': '2518-3672',
 'month': '',
 'numpaperorder': '048',
 'origtitle': 'Extraction, Mapping, and Evaluation of Expressive Acoustic Features for Adaptive Digital Audio Effects',
 'origtype': 'Conference Paper',
 'pages': '',
 'publisher': '',
 'title': 'Extraction, Mapping, and Evaluation of Expressive Acoustic Features for Adaptive Digital Audio Effects',
 'url': 'http://smc2017.aalto.fi/media/materials/proceedings/SMC17_p328.pdf',
 'urlhome': '',
 'urlpdf': 'http://smc2017.aalto.fi/media/materials/proceedings/SMC17_p328.pdf',
 'venue': '',
 'year': '2017'}
{'ENTRYTYPE': 'inproceedings',
 'ID': 'smc:2017:049',
 'author': u'Fabi\xe1n Esqueda and Henri P\xf6ntynen and Julian D. Parker and Stefan Bilbao',
 'booktitle': 'Proceedings of the 14th Sound and Music Computing Conference (SMC2017)',
 'editor': '',
 'file': 'smc_2017_049.pdf',
 'isbn': '978-952-60-3729-5',
 'issn': '2518-3672',
 'month': '',
 'numpaperorder': '049',
 'origtitle': 'Virtual Analog Model of the Lockhart Wavefolder',
 'origtype': 'Conference Paper',
 'pages': '',
 'publisher': '',
 'title': 'Virtual Analog Model of the Lockhart Wavefolder',
 'url': 'http://smc2017.aalto.fi/media/materials/proceedings/SMC17_p336.pdf',
 'urlhome': '',
 'urlpdf': 'http://smc2017.aalto.fi/media/materials/proceedings/SMC17_p336.pdf',
 'venue': '',
 'year': '2017'}
{'ENTRYTYPE': 'inproceedings',
 'ID': 'smc:2017:050',
 'author': 'Daniel Bisig and Philippe Kocher',
 'booktitle': 'Proceedings of the 14th Sound and Music Computing Conference (SMC2017)',
 'editor': '',
 'file': 'smc_2017_050.pdf',
 'isbn': '978-952-60-3729-5',
 'issn': '2518-3672',
 'month': '',
 'numpaperorder': '050',
 'origtitle': 'Musical Approaches for Working with Time-Delayed Feedback Networks',
 'origtype': 'Conference Paper',
 'pages': '',
 'publisher': '',
 'title': 'Musical Approaches for Working With Time-delayed Feedback Networks',
 'url': 'http://smc2017.aalto.fi/media/materials/proceedings/SMC17_p343.pdf',
 'urlhome': '',
 'urlpdf': 'http://smc2017.aalto.fi/media/materials/proceedings/SMC17_p343.pdf',
 'venue': '',
 'year': '2017'}
{'ENTRYTYPE': 'inproceedings',
 'ID': 'smc:2017:051',
 'author': 'Simone Pappalardo and Andrea Valle',
 'booktitle': 'Proceedings of the 14th Sound and Music Computing Conference (SMC2017)',
 'editor': '',
 'file': 'smc_2017_051.pdf',
 'isbn': '978-952-60-3729-5',
 'issn': '2518-3672',
 'month': '',
 'numpaperorder': '051',
 'origtitle': 'Electric Grammars. Algorithmic Design and Construction of Experimental Music Circuits',
 'origtype': 'Conference Paper',
 'pages': '',
 'publisher': '',
 'title': 'Electric Grammars. Algorithmic Design and Construction of Experimental Music Circuits',
 'url': 'http://smc2017.aalto.fi/media/materials/proceedings/SMC17_p351.pdf',
 'urlhome': '',
 'urlpdf': 'http://smc2017.aalto.fi/media/materials/proceedings/SMC17_p351.pdf',
 'venue': '',
 'year': '2017'}
{'ENTRYTYPE': 'inproceedings',
 'ID': 'smc:2017:052',
 'author': 'Mitsuyo Hashida and Eita Nakamura and Haruhiro Katayose',
 'booktitle': 'Proceedings of the 14th Sound and Music Computing Conference (SMC2017)',
 'editor': '',
 'file': 'smc_2017_052.pdf',
 'isbn': '978-952-60-3729-5',
 'issn': '2518-3672',
 'month': '',
 'numpaperorder': '052',
 'origtitle': 'Constructing PEDB 2nd Edition: A Music Performance Database with Phrase Information',
 'origtype': 'Conference Paper',
 'pages': '',
 'publisher': '',
 'title': 'Constructing Pedb 2nd Edition: A Music Performance Database With Phrase Information',
 'url': 'http://smc2017.aalto.fi/media/materials/proceedings/SMC17_p359.pdf',
 'urlhome': '',
 'urlpdf': 'http://smc2017.aalto.fi/media/materials/proceedings/SMC17_p359.pdf',
 'venue': '',
 'year': '2017'}
{'ENTRYTYPE': 'inproceedings',
 'ID': 'smc:2017:053',
 'author': 'Martin Hartmann and Olivier Lartillot and Petri Toiviainen',
 'booktitle': 'Proceedings of the 14th Sound and Music Computing Conference (SMC2017)',
 'editor': '',
 'file': 'smc_2017_053.pdf',
 'isbn': '978-952-60-3729-5',
 'issn': '2518-3672',
 'month': '',
 'numpaperorder': '053',
 'origtitle': 'Musical Feature and Novelty Curve Characterizations as Predictors of Segmentation Accuracy',
 'origtype': 'Conference Paper',
 'pages': '',
 'publisher': '',
 'title': 'Musical Feature and Novelty Curve Characterizations as Predictors of Segmentation Accuracy',
 'url': 'http://smc2017.aalto.fi/media/materials/proceedings/SMC17_p365.pdf',
 'urlhome': '',
 'urlpdf': 'http://smc2017.aalto.fi/media/materials/proceedings/SMC17_p365.pdf',
 'venue': '',
 'year': '2017'}
{'ENTRYTYPE': 'inproceedings',
 'ID': 'smc:2017:054',
 'author': 'Andrew McLeod and Mark Steedman',
 'booktitle': 'Proceedings of the 14th Sound and Music Computing Conference (SMC2017)',
 'editor': '',
 'file': 'smc_2017_054.pdf',
 'isbn': '978-952-60-3729-5',
 'issn': '2518-3672',
 'month': '',
 'numpaperorder': '054',
 'origtitle': 'Meter Detection in Symbolic Music Using a Lexicalized PCFG',
 'origtype': 'Conference Paper',
 'pages': '',
 'publisher': '',
 'title': 'Meter Detection in Symbolic Music Using a Lexicalized Pcfg',
 'url': 'http://smc2017.aalto.fi/media/materials/proceedings/SMC17_p373.pdf',
 'urlhome': '',
 'urlpdf': 'http://smc2017.aalto.fi/media/materials/proceedings/SMC17_p373.pdf',
 'venue': '',
 'year': '2017'}
{'ENTRYTYPE': 'inproceedings',
 'ID': 'smc:2017:055',
 'author': 'Taegyun Kwon and Dasaem Jeong and Juhan Nam',
 'booktitle': 'Proceedings of the 14th Sound and Music Computing Conference (SMC2017)',
 'editor': '',
 'file': 'smc_2017_055.pdf',
 'isbn': '978-952-60-3729-5',
 'issn': '2518-3672',
 'month': '',
 'numpaperorder': '055',
 'origtitle': 'Audio-to-Score Alignment of Piano Music Using RNN-Based Automatic Music Transcription',
 'origtype': 'Conference Paper',
 'pages': '',
 'publisher': '',
 'title': 'Audio-to-score Alignment of Piano Music Using Rnn-based Automatic Music Transcription',
 'url': 'http://smc2017.aalto.fi/media/materials/proceedings/SMC17_p380.pdf',
 'urlhome': '',
 'urlpdf': 'http://smc2017.aalto.fi/media/materials/proceedings/SMC17_p380.pdf',
 'venue': '',
 'year': '2017'}
{'ENTRYTYPE': 'inproceedings',
 'ID': 'smc:2017:056',
 'author': 'Gen Hori and Shigeki Sagayama',
 'booktitle': 'Proceedings of the 14th Sound and Music Computing Conference (SMC2017)',
 'editor': '',
 'file': 'smc_2017_056.pdf',
 'isbn': '978-952-60-3729-5',
 'issn': '2518-3672',
 'month': '',
 'numpaperorder': '056',
 'origtitle': 'Lp-Viterbi Algorithm for Automatic Fingering Decision',
 'origtype': 'Conference Paper',
 'pages': '',
 'publisher': '',
 'title': 'Lp-viterbi Algorithm for Automatic Fingering Decision',
 'url': 'http://smc2017.aalto.fi/media/materials/proceedings/SMC17_p386.pdf',
 'urlhome': '',
 'urlpdf': 'http://smc2017.aalto.fi/media/materials/proceedings/SMC17_p386.pdf',
 'venue': '',
 'year': '2017'}
{'ENTRYTYPE': 'inproceedings',
 'ID': 'smc:2017:057',
 'author': 'Andrea Valle and Mauro Lanza',
 'booktitle': 'Proceedings of the 14th Sound and Music Computing Conference (SMC2017)',
 'editor': '',
 'file': 'smc_2017_057.pdf',
 'isbn': '978-952-60-3729-5',
 'issn': '2518-3672',
 'month': '',
 'numpaperorder': '057',
 'origtitle': 'Systema Naturae: Shared Practices Between Physical Computing and Algorithmic Composition',
 'origtype': 'Conference Paper',
 'pages': '',
 'publisher': '',
 'title': 'Systema Naturae: Shared Practices Between Physical Computing and Algorithmic Composition',
 'url': 'http://smc2017.aalto.fi/media/materials/proceedings/SMC17_p391.pdf',
 'urlhome': '',
 'urlpdf': 'http://smc2017.aalto.fi/media/materials/proceedings/SMC17_p391.pdf',
 'venue': '',
 'year': '2017'}
{'ENTRYTYPE': 'inproceedings',
 'ID': 'smc:2017:058',
 'author': u'Ken D\xe9guernel and J\xe9r\xf4me Nika and Emmanuel Vincent and G\xe9rard Assayag',
 'booktitle': 'Proceedings of the 14th Sound and Music Computing Conference (SMC2017)',
 'editor': '',
 'file': 'smc_2017_058.pdf',
 'isbn': '978-952-60-3729-5',
 'issn': '2518-3672',
 'month': '',
 'numpaperorder': '058',
 'origtitle': 'Generating Equivalent Chord Progressions to Enrich Guided Improvisation: Application to Rhythm Changes',
 'origtype': 'Conference Paper',
 'pages': '',
 'publisher': '',
 'title': 'Generating Equivalent Chord Progressions to Enrich Guided Improvisation: Application to Rhythm Changes',
 'url': 'http://smc2017.aalto.fi/media/materials/proceedings/SMC17_p399.pdf',
 'urlhome': '',
 'urlpdf': 'http://smc2017.aalto.fi/media/materials/proceedings/SMC17_p399.pdf',
 'venue': '',
 'year': '2017'}
{'ENTRYTYPE': 'inproceedings',
 'ID': 'smc:2017:059',
 'author': 'Torsten Anders',
 'booktitle': 'Proceedings of the 14th Sound and Music Computing Conference (SMC2017)',
 'editor': '',
 'file': 'smc_2017_059.pdf',
 'isbn': '978-952-60-3729-5',
 'issn': '2518-3672',
 'month': '',
 'numpaperorder': '059',
 'origtitle': 'A Constraint-Based Framework to Model Harmony for Music Composition',
 'origtype': 'Conference Paper',
 'pages': '',
 'publisher': '',
 'title': 'A Constraint-based Framework to Model Harmony for Music Composition',
 'url': 'http://smc2017.aalto.fi/media/materials/proceedings/SMC17_p407.pdf',
 'urlhome': '',
 'urlpdf': 'http://smc2017.aalto.fi/media/materials/proceedings/SMC17_p407.pdf',
 'venue': '',
 'year': '2017'}
{'ENTRYTYPE': 'inproceedings',
 'ID': 'smc:2017:060',
 'author': 'Gleb Rogozinsky and Mihail Chesnokov and Eugene Cherny',
 'booktitle': 'Proceedings of the 14th Sound and Music Computing Conference (SMC2017)',
 'editor': '',
 'file': 'smc_2017_060.pdf',
 'isbn': '978-952-60-3729-5',
 'issn': '2518-3672',
 'month': '',
 'numpaperorder': '060',
 'origtitle': 'pch2csd: an Application for Converting Nord Modular G2 Patches into Csound Code',
 'origtype': 'Conference Paper',
 'pages': '',
 'publisher': '',
 'title': 'Pch2csd: An Application for Converting Nord Modular G2 Patches Into Csound Code',
 'url': 'http://smc2017.aalto.fi/media/materials/proceedings/SMC17_p415.pdf',
 'urlhome': '',
 'urlpdf': 'http://smc2017.aalto.fi/media/materials/proceedings/SMC17_p415.pdf',
 'venue': '',
 'year': '2017'}
{'ENTRYTYPE': 'inproceedings',
 'ID': 'smc:2017:061',
 'author': 'Flavio Everardo',
 'booktitle': 'Proceedings of the 14th Sound and Music Computing Conference (SMC2017)',
 'editor': '',
 'file': 'smc_2017_061.pdf',
 'isbn': '978-952-60-3729-5',
 'issn': '2518-3672',
 'month': '',
 'numpaperorder': '061',
 'origtitle': 'Towards an Automated Multitrack Mixing Tool Using Answer Set Programming',
 'origtype': 'Conference Paper',
 'pages': '',
 'publisher': '',
 'title': 'Towards an Automated Multitrack Mixing Tool Using Answer Set Programming',
 'url': 'http://smc2017.aalto.fi/media/materials/proceedings/SMC17_p422.pdf',
 'urlhome': '',
 'urlpdf': 'http://smc2017.aalto.fi/media/materials/proceedings/SMC17_p422.pdf',
 'venue': '',
 'year': '2017'}
{'ENTRYTYPE': 'inproceedings',
 'ID': 'smc:2017:062',
 'author': 'Johnty Wang and Robert Pritchard and Bryn Nixon and Marcelo M. Wanderley',
 'booktitle': 'Proceedings of the 14th Sound and Music Computing Conference (SMC2017)',
 'editor': '',
 'file': 'smc_2017_062.pdf',
 'isbn': '978-952-60-3729-5',
 'issn': '2518-3672',
 'month': '',
 'numpaperorder': '062',
 'origtitle': 'Explorations with Digital Control of MIDI-enabled Pipe Organs',
 'origtype': 'Conference Paper',
 'pages': '',
 'publisher': '',
 'title': 'Explorations With Digital Control of Midi-enabled Pipe Organs',
 'url': 'http://smc2017.aalto.fi/media/materials/proceedings/SMC17_p429.pdf',
 'urlhome': '',
 'urlpdf': 'http://smc2017.aalto.fi/media/materials/proceedings/SMC17_p429.pdf',
 'venue': '',
 'year': '2017'}
{'ENTRYTYPE': 'inproceedings',
 'ID': 'smc:2017:063',
 'author': u'L\xe9opold Crestel and Philippe Esling',
 'booktitle': 'Proceedings of the 14th Sound and Music Computing Conference (SMC2017)',
 'editor': '',
 'file': 'smc_2017_063.pdf',
 'isbn': '978-952-60-3729-5',
 'issn': '2518-3672',
 'month': '',
 'numpaperorder': '063',
 'origtitle': 'Live Orchestral Piano, a System for Real-Time Orchestral Music Generation',
 'origtype': 'Conference Paper',
 'pages': '',
 'publisher': '',
 'title': 'Live Orchestral Piano, a System for Real-time Orchestral Music Generation',
 'url': 'http://smc2017.aalto.fi/media/materials/proceedings/SMC17_p434.pdf',
 'urlhome': '',
 'urlpdf': 'http://smc2017.aalto.fi/media/materials/proceedings/SMC17_p434.pdf',
 'venue': '',
 'year': '2017'}
{'ENTRYTYPE': 'inproceedings',
 'ID': 'smc:2017:064',
 'author': 'Yuta Ojima and Tomoyasu Nakano and Satoru Fukayama and Jun Kato and Masataka Goto and Katsutoshi Itoyama and Kazuyoshi Yoshii',
 'booktitle': 'Proceedings of the 14th Sound and Music Computing Conference (SMC2017)',
 'editor': '',
 'file': 'smc_2017_064.pdf',
 'isbn': '978-952-60-3729-5',
 'issn': '2518-3672',
 'month': '',
 'numpaperorder': '064',
 'origtitle': 'A Singing Instrument for Real-Time Vocal-Part Arrangement of Music and Audio Signals',
 'origtype': 'Conference Paper',
 'pages': '',
 'publisher': '',
 'title': 'A Singing Instrument for Real-time Vocal-part Arrangement of Music and Audio Signals',
 'url': 'http://smc2017.aalto.fi/media/materials/proceedings/SMC17_p443.pdf',
 'urlhome': '',
 'urlpdf': 'http://smc2017.aalto.fi/media/materials/proceedings/SMC17_p443.pdf',
 'venue': '',
 'year': '2017'}
{'ENTRYTYPE': 'inproceedings',
 'ID': 'smc:2017:065',
 'author': 'Jennifer MacRitchie and Andrew J. Milne',
 'booktitle': 'Proceedings of the 14th Sound and Music Computing Conference (SMC2017)',
 'editor': '',
 'file': 'smc_2017_065.pdf',
 'isbn': '978-952-60-3729-5',
 'issn': '2518-3672',
 'month': '',
 'numpaperorder': '065',
 'origtitle': 'Evaluation of the Learnability and Playability of Pitch Layouts in New Musical Instruments',
 'origtype': 'Conference Paper',
 'pages': '',
 'publisher': '',
 'title': 'Evaluation of the Learnability and Playability of Pitch Layouts in New Musical Instruments',
 'url': 'http://smc2017.aalto.fi/media/materials/proceedings/SMC17_p450.pdf',
 'urlhome': '',
 'urlpdf': 'http://smc2017.aalto.fi/media/materials/proceedings/SMC17_p450.pdf',
 'venue': '',
 'year': '2017'}
Report: Conference year - found papers/found PDFs:
> 2017 - 65/65
Total: 65/65
Script bib part start: 2018-08-22 01:19:13 ; end: 2018-08-22 01:19:14 ; duration: 0:00:00.298617
Download online PDFs? [y/n]

_DATA_/SMC Conference 2017/SMC Conference 2017.bib
('_DATA_/SMC Conference 2017/SMC Conference 2017.bib', <open file '_DATA_/SMC Conference 2017/SMC Conference 2017.bib', mode 'r' at 0x7fb98bc138a0>)
smc_2017_001.pdf : http://smc2017.aalto.fi/media/materials/proceedings/SMC17_p145.pdf
====================== got 718265 bytes.
smc_2017_002.pdf : http://smc2017.aalto.fi/media/materials/proceedings/SMC17_p153.pdf
======== got 230632 bytes.
smc_2017_003.pdf : http://smc2017.aalto.fi/media/materials/proceedings/SMC17_p159.pdf
=================== got 596104 bytes.
smc_2017_004.pdf : http://smc2017.aalto.fi/media/materials/proceedings/SMC17_p167.pdf
================================= got 1074676 bytes.
smc_2017_005.pdf : http://smc2017.aalto.fi/media/materials/proceedings/SMC17_p5.pdf
======== got 239932 bytes.
smc_2017_006.pdf : http://smc2017.aalto.fi/media/materials/proceedings/SMC17_p13.pdf
====== got 174859 bytes.
smc_2017_007.pdf : http://smc2017.aalto.fi/media/materials/proceedings/SMC17_p21.pdf
===== got 140682 bytes.
smc_2017_008.pdf : http://smc2017.aalto.fi/media/materials/proceedings/SMC17_p28.pdf
==== got 105231 bytes.
smc_2017_009.pdf : http://smc2017.aalto.fi/media/materials/proceedings/SMC17_p35.pdf
========== got 316093 bytes.
smc_2017_010.pdf : http://smc2017.aalto.fi/media/materials/proceedings/SMC17_p42.pdf
============ got 384965 bytes.
smc_2017_011.pdf : http://smc2017.aalto.fi/media/materials/proceedings/SMC17_p50.pdf
====================== got 698131 bytes.
smc_2017_012.pdf : http://smc2017.aalto.fi/media/materials/proceedings/SMC17_p58.pdf
=========== got 330043 bytes.
smc_2017_013.pdf : http://smc2017.aalto.fi/media/materials/proceedings/SMC17_p63.pdf
========== got 301468 bytes.
smc_2017_014.pdf : http://smc2017.aalto.fi/media/materials/proceedings/SMC17_p71.pdf
======= got 198358 bytes.
smc_2017_015.pdf : http://smc2017.aalto.fi/media/materials/proceedings/SMC17_p77.pdf
====== got 172764 bytes.
smc_2017_016.pdf : http://smc2017.aalto.fi/media/materials/proceedings/SMC17_p85.pdf
==== got 130485 bytes.
smc_2017_017.pdf : http://smc2017.aalto.fi/media/materials/proceedings/SMC17_p92.pdf
==== got 104719 bytes.
smc_2017_018.pdf : http://smc2017.aalto.fi/media/materials/proceedings/SMC17_p98.pdf
======= got 209402 bytes.
smc_2017_019.pdf : http://smc2017.aalto.fi/media/materials/proceedings/SMC17_p104.pdf
==== got 120820 bytes.
smc_2017_020.pdf : http://smc2017.aalto.fi/media/materials/proceedings/SMC17_p110.pdf
======== got 236650 bytes.
smc_2017_021.pdf : http://smc2017.aalto.fi/media/materials/proceedings/SMC17_p117.pdf
======= got 228080 bytes.
smc_2017_022.pdf : http://smc2017.aalto.fi/media/materials/proceedings/SMC17_p125.pdf
========= got 271201 bytes.
smc_2017_023.pdf : http://smc2017.aalto.fi/media/materials/proceedings/SMC17_p133.pdf
======== got 255148 bytes.
smc_2017_024.pdf : http://smc2017.aalto.fi/media/materials/proceedings/SMC17_p139.pdf
====== got 182040 bytes.
smc_2017_025.pdf : http://smc2017.aalto.fi/media/materials/proceedings/SMC17_p175.pdf
======== got 232270 bytes.
smc_2017_026.pdf : http://smc2017.aalto.fi/media/materials/proceedings/SMC17_p181.pdf
=========== got 330566 bytes.
smc_2017_027.pdf : http://smc2017.aalto.fi/media/materials/proceedings/SMC17_p188.pdf
====== got 170675 bytes.
smc_2017_028.pdf : http://smc2017.aalto.fi/media/materials/proceedings/SMC17_p195.pdf
============================================================================================================================================================================================================================================================================================= got 9319053 bytes.
smc_2017_029.pdf : http://smc2017.aalto.fi/media/materials/proceedings/SMC17_p200.pdf
====== got 194181 bytes.
smc_2017_030.pdf : http://smc2017.aalto.fi/media/materials/proceedings/SMC17_p208.pdf
===== got 140667 bytes.
smc_2017_031.pdf : http://smc2017.aalto.fi/media/materials/proceedings/SMC17_p214.pdf
============== got 454577 bytes.
smc_2017_032.pdf : http://smc2017.aalto.fi/media/materials/proceedings/SMC17_p220.pdf
========= got 278984 bytes.
smc_2017_033.pdf : http://smc2017.aalto.fi/media/materials/proceedings/SMC17_p227.pdf
======= got 218131 bytes.
smc_2017_034.pdf : http://smc2017.aalto.fi/media/materials/proceedings/SMC17_p234.pdf
======= got 199733 bytes.
smc_2017_035.pdf : http://smc2017.aalto.fi/media/materials/proceedings/SMC17_p242.pdf
====== got 194435 bytes.
smc_2017_036.pdf : http://smc2017.aalto.fi/media/materials/proceedings/SMC17_p250.pdf
======= got 227022 bytes.
smc_2017_037.pdf : http://smc2017.aalto.fi/media/materials/proceedings/SMC17_p254.pdf
======= got 219452 bytes.
smc_2017_038.pdf : http://smc2017.aalto.fi/media/materials/proceedings/SMC17_p261.pdf
=========== got 329928 bytes.
smc_2017_039.pdf : http://smc2017.aalto.fi/media/materials/proceedings/SMC17_p267.pdf
==== got 110033 bytes.
smc_2017_040.pdf : http://smc2017.aalto.fi/media/materials/proceedings/SMC17_p275.pdf
==== got 119179 bytes.
smc_2017_041.pdf : http://smc2017.aalto.fi/media/materials/proceedings/SMC17_p279.pdf
============== got 430481 bytes.
smc_2017_042.pdf : http://smc2017.aalto.fi/media/materials/proceedings/SMC17_p287.pdf
======== got 261685 bytes.
smc_2017_043.pdf : http://smc2017.aalto.fi/media/materials/proceedings/SMC17_p294.pdf
=========== got 332869 bytes.
smc_2017_044.pdf : http://smc2017.aalto.fi/media/materials/proceedings/SMC17_p299.pdf
======= got 217668 bytes.
smc_2017_045.pdf : http://smc2017.aalto.fi/media/materials/proceedings/SMC17_p306.pdf
======= got 216351 bytes.
smc_2017_046.pdf : http://smc2017.aalto.fi/media/materials/proceedings/SMC17_p314.pdf
====== got 164448 bytes.
smc_2017_047.pdf : http://smc2017.aalto.fi/media/materials/proceedings/SMC17_p320.pdf
============ got 372427 bytes.
smc_2017_048.pdf : http://smc2017.aalto.fi/media/materials/proceedings/SMC17_p328.pdf
====== got 174549 bytes.
smc_2017_049.pdf : http://smc2017.aalto.fi/media/materials/proceedings/SMC17_p336.pdf
=========== got 346584 bytes.
smc_2017_050.pdf : http://smc2017.aalto.fi/media/materials/proceedings/SMC17_p343.pdf
========= got 293259 bytes.
smc_2017_051.pdf : http://smc2017.aalto.fi/media/materials/proceedings/SMC17_p351.pdf
=============================== got 995006 bytes.
smc_2017_052.pdf : http://smc2017.aalto.fi/media/materials/proceedings/SMC17_p359.pdf
========== got 323032 bytes.
smc_2017_053.pdf : http://smc2017.aalto.fi/media/materials/proceedings/SMC17_p365.pdf
======== got 243306 bytes.
smc_2017_054.pdf : http://smc2017.aalto.fi/media/materials/proceedings/SMC17_p373.pdf
===== got 152817 bytes.
smc_2017_055.pdf : http://smc2017.aalto.fi/media/materials/proceedings/SMC17_p380.pdf
======== got 235267 bytes.
smc_2017_056.pdf : http://smc2017.aalto.fi/media/materials/proceedings/SMC17_p386.pdf
======= got 200416 bytes.
smc_2017_057.pdf : http://smc2017.aalto.fi/media/materials/proceedings/SMC17_p391.pdf
============= got 410694 bytes.
smc_2017_058.pdf : http://smc2017.aalto.fi/media/materials/proceedings/SMC17_p399.pdf
====== got 166351 bytes.
smc_2017_059.pdf : http://smc2017.aalto.fi/media/materials/proceedings/SMC17_p407.pdf
======= got 199391 bytes.
smc_2017_060.pdf : http://smc2017.aalto.fi/media/materials/proceedings/SMC17_p415.pdf
====== got 164715 bytes.
smc_2017_061.pdf : http://smc2017.aalto.fi/media/materials/proceedings/SMC17_p422.pdf
===== got 133728 bytes.
smc_2017_062.pdf : http://smc2017.aalto.fi/media/materials/proceedings/SMC17_p429.pdf
====== got 186855 bytes.
smc_2017_063.pdf : http://smc2017.aalto.fi/media/materials/proceedings/SMC17_p434.pdf
=================== got 605195 bytes.
smc_2017_064.pdf : http://smc2017.aalto.fi/media/materials/proceedings/SMC17_p443.pdf
======== got 257789 bytes.
smc_2017_065.pdf : http://smc2017.aalto.fi/media/materials/proceedings/SMC17_p450.pdf
================== got 558364 bytes.
Script pdf part start: 2018-08-22 01:19:17 ; end: 2018-08-22 01:20:30 ; duration: 0:01:13.299167
Done getting .bib info for all conferences. Check and edit the .bibs manually
